<?xml version="1.0" encoding="UTF-8"?>
<!-- Generated by org.testng.reporters.JUnitXMLReporter -->
<testsuite ignored="0" hostname="LAPTOP-PU8VKKP8" failures="0" tests="3" name="Test" time="7.644" errors="0" timestamp="2022-08-26T16:31:45 IST">
  <testcase classname="Academy.HomePage" name="basePageNavigation" time="2.205"/>
  <testcase classname="Academy.HomePage" name="basePageNavigation" time="1.485"/>
  <testcase classname="Academy.ValidationNavigationBar" name="NavBarValidation" time="0.049"/>
</testsuite> <!-- Test -->
