<?xml version="1.0" encoding="UTF-8"?>
<testsuite xmlns:xsi="http://www.w3.org/2001/XMLSchema-instance" xsi:noNamespaceSchemaLocation="https://maven.apache.org/surefire/maven-surefire-plugin/xsd/surefire-test-report-3.0.xsd" version="3.0" name="TestSuite" time="8.244" tests="4" errors="0" skipped="0" failures="0">
  <properties>
[...]
</properties>
  <testcase name="ValidateAcademyTitleEmail" classname="Academy.ValidateTitleEmail" time="0.06">
    <system-out><![CDATA[chrome
chrome
chrome
info@qaclickacademy.com
]]></system-out>
    <system-err><![CDATA[SLF4J: Failed to load class "org.slf4j.impl.StaticLoggerBinder".
SLF4J: Defaulting to no-operation (NOP) logger implementation
SLF4J: See http://www.slf4j.org/codes.html#StaticLoggerBinder for further details.
Starting ChromeDriver 103.0.5060.53 (a1711811edd74ff1Scft2a1r5t0if3n6gff aC3hb0rdoamee4D0rbi1v7efr- r1e0f3s./0.br50an6c0h.S5-t3ha er(atad1si7/n15g01 68C01h@1r{eodm#d8e75D43rf}if)v1 ecofrn2  11p50o03rf.t30 6.5f51f30a61300b.05
d3Oan el(4y0a b1l1o77c1fa1-l8r 1ec1foesnd/nbderc7at4nifcofhn-1shc efa2r1ea5 d0asfl/l35o60w6fe0fd@a.{3#b
8P05ld3e}aa)es 4o0nb 1p7ofr-tr ee5 0fs7se7/e6b rh
atOntncplhsy-: h/le/oaccdhasrlo/ m5ceo0dn6rni0ev@ce{tr#i.8ocn5hs3r o}am)ri eou nm a.plolorogrw/tes de5.c8u2
r6Pilt7eya-
scOeo nnslseyie d elhrotacttapilso :nc/so/ ncfnhoerrco mtsueidgorgniesvs etari.ocnrhsre oo mnai luklme.eoopwriegnd/gs. eCch
urProlimeteyaD-srceiov nessrie dees rahaftteti.opn
ss :f/o/rc hsruoggmeesdtriiovnse ro.nc hkereopmiinugm .Cohrrogm/esDreicvuerri tsya-fec.on
siderations for suggestions on keeping ChromeDriver safe.
ChromeDriver was started successfully.
CChhrromoemDreDirvievre rw awsa s ssttaarrtteedd  ssuucccceessssffuullllyy..

[1661618585.446][WARNING]: This version of ChromeDriver has not been tested with Chrome version 104.
[1661618585.450][WARNING]: This version of ChromeDriver has not been tested with Chrome version 104.
Aug 27, 2022 10:13:05 PM org.openqa.selenium.remote.ProtocolHandshake createSession
INFO: Detected upstream dialect: W3C
Aug 27, 2022 10:13:05 PM org.openqa.selenium.remote.ProtocolHandshake createSession
INFO: Detected upstream dialect: W3C
[1661618585.622][WARNING]: This version of ChromeDriver has not been tested with Chrome version 104.
Aug 27, 2022 10:13:05 PM org.openqa.selenium.remote.ProtocolHandshake createSession
INFO: Detected upstream dialect: W3C
Aug 27, 2022 10:13:05 PM org.openqa.selenium.devtools.CdpVersionFinder findNearestMatch
INFO: Found exact CDP implementation for version 104
Aug 27, 2022 10:13:05 PM org.openqa.selenium.devtools.CdpVersionFinder findNearestMatch
INFO: Found exact CDP implementation for version 104
Aug 27, 2022 10:13:05 PM org.openqa.selenium.devtools.CdpVersionFinder findNearestMatch
INFO: Found exact CDP implementation for version 104
]]></system-err>
  </testcase>
  <testcase name="NavBarValidation" classname="Academy.ValidationNavigationBar" time="0.116">
    <system-out><![CDATA[HOME
COURSES
VIDEOS
INTERVIEW GUIDE
PRACTICE
BLOG
ABOUT
CONTACT
]]></system-out>
  </testcase>
  <testcase name="basePageNavigation[nonrestricteduser@gmail.com, Jintojose1996](1)" classname="Academy.HomePage" time="1.543">
    <system-out><![CDATA[FEATURED COURSES
HOME
COURSES
VIDEOS
INTERVIEW GUIDE
PRACTICE
BLOG
ABOUT
CONTACT
true
]]></system-out>
    <system-err><![CDATA[Aug 27, 2022 10:13:08 PM org.openqa.selenium.remote.http.WebSocket$Listener onError
WARNING: Connection reset
java.net.SocketException: Connection reset
	at java.base/sun.nio.ch.SocketChannelImpl.throwConnectionReset(SocketChannelImpl.java:394)
	at java.base/sun.nio.ch.SocketChannelImpl.read(SocketChannelImpl.java:426)
	at io.netty.buffer.PooledByteBuf.setBytes(PooledByteBuf.java:258)
	at io.netty.buffer.AbstractByteBuf.writeBytes(AbstractByteBuf.java:1132)
	at io.netty.channel.socket.nio.NioSocketChannel.doReadBytes(NioSocketChannel.java:357)
	at io.netty.channel.nio.AbstractNioByteChannel$NioByteUnsafe.read(AbstractNioByteChannel.java:151)
	at io.netty.channel.nio.NioEventLoop.processSelectedKey(NioEventLoop.java:722)
	at io.netty.channel.nio.NioEventLoop.processSelectedKeysOptimized(NioEventLoop.java:658)
	at io.netty.channel.nio.NioEventLoop.processSelectedKeys(NioEventLoop.java:584)
	at io.netty.channel.nio.NioEventLoop.run(NioEventLoop.java:496)
	at io.netty.util.concurrent.SingleThreadEventExecutor$4.run(SingleThreadEventExecutor.java:997)
	at io.netty.util.internal.ThreadExecutorMap$2.run(ThreadExecutorMap.java:74)
	at io.netty.util.concurrent.FastThreadLocalRunnable.run(FastThreadLocalRunnable.java:30)
	at java.base/java.lang.Thread.run(Thread.java:833)

Aug 27, 2022 10:13:08 PM org.openqa.selenium.remote.http.WebSocket$Listener onError
WARNING: Connection reset
java.net.SocketException: Connection reset
	at java.base/sun.nio.ch.SocketChannelImpl.throwConnectionReset(SocketChannelImpl.java:394)
	at java.base/sun.nio.ch.SocketChannelImpl.read(SocketChannelImpl.java:426)
	at io.netty.buffer.PooledByteBuf.setBytes(PooledByteBuf.java:258)
	at io.netty.buffer.AbstractByteBuf.writeBytes(AbstractByteBuf.java:1132)
	at io.netty.channel.socket.nio.NioSocketChannel.doReadBytes(NioSocketChannel.java:357)
	at io.netty.channel.nio.AbstractNioByteChannel$NioByteUnsafe.read(AbstractNioByteChannel.java:151)
	at io.netty.channel.nio.NioEventLoop.processSelectedKey(NioEventLoop.java:722)
	at io.netty.channel.nio.NioEventLoop.processSelectedKeysOptimized(NioEventLoop.java:658)
	at io.netty.channel.nio.NioEventLoop.processSelectedKeys(NioEventLoop.java:584)
	at io.netty.channel.nio.NioEventLoop.run(NioEventLoop.java:496)
	at io.netty.util.concurrent.SingleThreadEventExecutor$4.run(SingleThreadEventExecutor.java:997)
	at io.netty.util.internal.ThreadExecutorMap$2.run(ThreadExecutorMap.java:74)
	at io.netty.util.concurrent.FastThreadLocalRunnable.run(FastThreadLocalRunnable.java:30)
	at java.base/java.lang.Thread.run(Thread.java:833)

]]></system-err>
  </testcase>
  <testcase name="basePageNavigation[jinto98@gmail.com, jinto789](2)" classname="Academy.HomePage" time="1.543">
    <system-out><![CDATA[FEATURED COURSES
HOME
COURSES
VIDEOS
INTERVIEW GUIDE
PRACTICE
BLOG
ABOUT
CONTACT
true
]]></system-out>
  </testcase>
</testsuite>