<?xml version="1.0" encoding="UTF-8"?>
<testng-results ignored="0" total="4" passed="4" failed="0" skipped="0">
  <reporter-output>
  </reporter-output>
  <suite started-at="2022-08-27T22:13:03 IST" name="Suite" finished-at="2022-08-27T22:13:11 IST" duration-ms="7444">
    <groups>
    </groups>
    <test started-at="2022-08-27T22:13:03 IST" name="Validation of Navigation Bar" finished-at="2022-08-27T22:13:08 IST" duration-ms="4513">
      <class name="Academy.ValidationNavigationBar">
        <test-method is-config="true" signature="initialize()[pri:0, instance:Academy.ValidationNavigationBar@56bca85b]" started-at="2022-08-27T22:13:03 IST" name="initialize" finished-at="2022-08-27T22:13:08 IST" duration-ms="4217" status="PASS">
          <reporter-output>
          </reporter-output>
        </test-method> <!-- initialize -->
        <test-method signature="NavBarValidation()[pri:0, instance:Academy.ValidationNavigationBar@56bca85b]" started-at="2022-08-27T22:13:08 IST" name="NavBarValidation" finished-at="2022-08-27T22:13:08 IST" duration-ms="161" status="PASS">
          <reporter-output>
          </reporter-output>
        </test-method> <!-- NavBarValidation -->
        <test-method is-config="true" signature="tearDown()[pri:0, instance:Academy.ValidationNavigationBar@56bca85b]" started-at="2022-08-27T22:13:08 IST" name="tearDown" finished-at="2022-08-27T22:13:08 IST" duration-ms="114" status="PASS">
          <reporter-output>
          </reporter-output>
        </test-method> <!-- tearDown -->
      </class> <!-- Academy.ValidationNavigationBar -->
    </test> <!-- Validation of Navigation Bar -->
    <test started-at="2022-08-27T22:13:03 IST" name="Validation of Title Email" finished-at="2022-08-27T22:13:08 IST" duration-ms="4468">
      <class name="Academy.ValidateTitleEmail">
        <test-method is-config="true" signature="Intialize()[pri:0, instance:Academy.ValidateTitleEmail@726e5805]" started-at="2022-08-27T22:13:03 IST" name="Intialize" finished-at="2022-08-27T22:13:08 IST" duration-ms="4286" status="PASS">
          <reporter-output>
          </reporter-output>
        </test-method> <!-- Intialize -->
        <test-method signature="ValidateAcademyTitleEmail()[pri:0, instance:Academy.ValidateTitleEmail@726e5805]" started-at="2022-08-27T22:13:08 IST" name="ValidateAcademyTitleEmail" finished-at="2022-08-27T22:13:08 IST" duration-ms="50" status="PASS">
          <reporter-output>
          </reporter-output>
        </test-method> <!-- ValidateAcademyTitleEmail -->
        <test-method is-config="true" signature="tearDown()[pri:0, instance:Academy.ValidateTitleEmail@726e5805]" started-at="2022-08-27T22:13:08 IST" name="tearDown" finished-at="2022-08-27T22:13:08 IST" duration-ms="106" status="PASS">
          <reporter-output>
          </reporter-output>
        </test-method> <!-- tearDown -->
      </class> <!-- Academy.ValidateTitleEmail -->
    </test> <!-- Validation of Title Email -->
    <test started-at="2022-08-27T22:13:03 IST" name="Enter to HomePage" finished-at="2022-08-27T22:13:11 IST" duration-ms="7444">
      <class name="Academy.HomePage">
        <test-method is-config="true" signature="SetBrowser()[pri:0, instance:Academy.HomePage@62163b39]" started-at="2022-08-27T22:13:03 IST" name="SetBrowser" finished-at="2022-08-27T22:13:05 IST" duration-ms="1863" status="PASS">
          <reporter-output>
          </reporter-output>
        </test-method> <!-- SetBrowser -->
        <test-method signature="basePageNavigation(java.lang.String,java.lang.String)[pri:0, instance:Academy.HomePage@62163b39]" started-at="2022-08-27T22:13:05 IST" name="basePageNavigation" data-provider="getData" finished-at="2022-08-27T22:13:09 IST" duration-ms="3927" status="PASS">
          <params>
            <param index="0">
              <value>
                <![CDATA[nonrestricteduser@gmail.com]]>
              </value>
            </param>
            <param index="1">
              <value>
                <![CDATA[Jintojose1996]]>
              </value>
            </param>
          </params>
          <reporter-output>
          </reporter-output>
        </test-method> <!-- basePageNavigation -->
        <test-method signature="basePageNavigation(java.lang.String,java.lang.String)[pri:0, instance:Academy.HomePage@62163b39]" started-at="2022-08-27T22:13:09 IST" name="basePageNavigation" data-provider="getData" finished-at="2022-08-27T22:13:11 IST" duration-ms="1542" status="PASS">
          <params>
            <param index="0">
              <value>
                <![CDATA[jinto98@gmail.com]]>
              </value>
            </param>
            <param index="1">
              <value>
                <![CDATA[jinto789]]>
              </value>
            </param>
          </params>
          <reporter-output>
          </reporter-output>
        </test-method> <!-- basePageNavigation -->
        <test-method is-config="true" signature="tearDown()[pri:0, instance:Academy.HomePage@62163b39]" started-at="2022-08-27T22:13:11 IST" name="tearDown" finished-at="2022-08-27T22:13:11 IST" duration-ms="55" status="PASS">
          <reporter-output>
          </reporter-output>
        </test-method> <!-- tearDown -->
      </class> <!-- Academy.HomePage -->
    </test> <!-- Enter to HomePage -->
  </suite> <!-- Suite -->
</testng-results>
