<?xml version="1.0" encoding="UTF-8"?>
<testng-results ignored="0" total="4" passed="4" failed="0" skipped="0">
  <reporter-output>
  </reporter-output>
  <suite started-at="2022-08-27T22:04:08 IST" name="Suite" finished-at="2022-08-27T22:04:17 IST" duration-ms="8584">
    <groups>
    </groups>
    <test started-at="2022-08-27T22:04:08 IST" name="Validation of Navigation Bar" finished-at="2022-08-27T22:04:14 IST" duration-ms="5613">
      <class name="Academy.ValidationNavigationBar">
        <test-method is-config="true" signature="initialize()[pri:0, instance:Academy.ValidationNavigationBar@5b40ceb]" started-at="2022-08-27T22:04:08 IST" name="initialize" finished-at="2022-08-27T22:04:13 IST" duration-ms="5294" status="PASS">
          <reporter-output>
          </reporter-output>
        </test-method> <!-- initialize -->
        <test-method signature="NavBarValidation()[pri:0, instance:Academy.ValidationNavigationBar@5b40ceb]" started-at="2022-08-27T22:04:13 IST" name="NavBarValidation" finished-at="2022-08-27T22:04:14 IST" duration-ms="187" status="PASS">
          <reporter-output>
          </reporter-output>
        </test-method> <!-- NavBarValidation -->
        <test-method is-config="true" signature="tearDown()[pri:0, instance:Academy.ValidationNavigationBar@5b40ceb]" started-at="2022-08-27T22:04:14 IST" name="tearDown" finished-at="2022-08-27T22:04:14 IST" duration-ms="125" status="PASS">
          <reporter-output>
          </reporter-output>
        </test-method> <!-- tearDown -->
      </class> <!-- Academy.ValidationNavigationBar -->
    </test> <!-- Validation of Navigation Bar -->
    <test started-at="2022-08-27T22:04:08 IST" name="Validation of Title Email" finished-at="2022-08-27T22:04:14 IST" duration-ms="5591">
      <class name="Academy.ValidateTitleEmail">
        <test-method is-config="true" signature="Intialize()[pri:0, instance:Academy.ValidateTitleEmail@3918c187]" started-at="2022-08-27T22:04:08 IST" name="Intialize" finished-at="2022-08-27T22:04:13 IST" duration-ms="5369" status="PASS">
          <reporter-output>
          </reporter-output>
        </test-method> <!-- Intialize -->
        <test-method signature="ValidateAcademyTitleEmail()[pri:0, instance:Academy.ValidateTitleEmail@3918c187]" started-at="2022-08-27T22:04:13 IST" name="ValidateAcademyTitleEmail" finished-at="2022-08-27T22:04:14 IST" duration-ms="53" status="PASS">
          <reporter-output>
          </reporter-output>
        </test-method> <!-- ValidateAcademyTitleEmail -->
        <test-method is-config="true" signature="tearDown()[pri:0, instance:Academy.ValidateTitleEmail@3918c187]" started-at="2022-08-27T22:04:14 IST" name="tearDown" finished-at="2022-08-27T22:04:14 IST" duration-ms="147" status="PASS">
          <reporter-output>
          </reporter-output>
        </test-method> <!-- tearDown -->
      </class> <!-- Academy.ValidateTitleEmail -->
    </test> <!-- Validation of Title Email -->
    <test started-at="2022-08-27T22:04:08 IST" name="Enter to HomePage" finished-at="2022-08-27T22:04:17 IST" duration-ms="8584">
      <class name="Academy.HomePage">
        <test-method is-config="true" signature="SetBrowser()[pri:0, instance:Academy.HomePage@a8e6492]" started-at="2022-08-27T22:04:08 IST" name="SetBrowser" finished-at="2022-08-27T22:04:10 IST" duration-ms="1809" status="PASS">
          <reporter-output>
          </reporter-output>
        </test-method> <!-- SetBrowser -->
        <test-method signature="basePageNavigation(java.lang.String,java.lang.String)[pri:0, instance:Academy.HomePage@a8e6492]" started-at="2022-08-27T22:04:10 IST" name="basePageNavigation" data-provider="getData" finished-at="2022-08-27T22:04:15 IST" duration-ms="4770" status="PASS">
          <params>
            <param index="0">
              <value>
                <![CDATA[nonrestricteduser@gmail.com]]>
              </value>
            </param>
            <param index="1">
              <value>
                <![CDATA[Jintojose1996]]>
              </value>
            </param>
          </params>
          <reporter-output>
          </reporter-output>
        </test-method> <!-- basePageNavigation -->
        <test-method signature="basePageNavigation(java.lang.String,java.lang.String)[pri:0, instance:Academy.HomePage@a8e6492]" started-at="2022-08-27T22:04:15 IST" name="basePageNavigation" data-provider="getData" finished-at="2022-08-27T22:04:17 IST" duration-ms="1873" status="PASS">
          <params>
            <param index="0">
              <value>
                <![CDATA[jinto98@gmail.com]]>
              </value>
            </param>
            <param index="1">
              <value>
                <![CDATA[jinto789]]>
              </value>
            </param>
          </params>
          <reporter-output>
          </reporter-output>
        </test-method> <!-- basePageNavigation -->
        <test-method is-config="true" signature="tearDown()[pri:0, instance:Academy.HomePage@a8e6492]" started-at="2022-08-27T22:04:17 IST" name="tearDown" finished-at="2022-08-27T22:04:17 IST" duration-ms="78" status="PASS">
          <reporter-output>
          </reporter-output>
        </test-method> <!-- tearDown -->
      </class> <!-- Academy.HomePage -->
    </test> <!-- Enter to HomePage -->
  </suite> <!-- Suite -->
</testng-results>
